<?xml version="1.0" encoding="UTF-8"?>
<!-- Generated by org.testng.reporters.JUnitReportReporter -->
<testsuite skipped="0" hostname="C02XJPESJG5H" name="JavaTestngTestCases" tests="4" failures="0" timestamp="2020-09-01T19:08:36 IST" time="12.021" errors="0">
  <testcase name="prepareHotTeaAndBlackTea" time="3.003" classname="JavaTestngTestCases"/>
  <system-out/>
  <testcase name="simulateMoreThanOneRequestToAnOutlet" time="3.004" classname="JavaTestngTestCases"/>
  <system-out/>
  <testcase name="prepareHotCoffeeAndBlackTea" time="3.010" classname="JavaTestngTestCases"/>
  <system-out/>
  <testcase name="prepareHotTeaAndHotCoffee" time="3.004" classname="JavaTestngTestCases"/>
  <system-out/>
</testsuite> <!-- JavaTestngTestCases -->
